  moc PointCloudLab.h
  PointCloudLab.cpp
  main.cpp
d:\onedrive@sjtu.edu.cn\algo\pointcloudlibary_xiongzhenhua\pointcloudlab\pointcloudlab\PointCloudLab.h : warning C4819: The file contains a character that cannot be represented in the current code page (936). Save the file in Unicode format to prevent data loss (compiling source file main.cpp)
d:\onedrive@sjtu.edu.cn\algo\pointcloudlibary_xiongzhenhua\pointcloudlab\pointcloudlab\PointCloudLab.h : warning C4819: The file contains a character that cannot be represented in the current code page (936). Save the file in Unicode format to prevent data loss (compiling source file PointCloudLab.cpp)
D:\EnvSetting\PCL 1.8.1\include\pcl-1.8\pcl/point_traits.h : warning C4819: The file contains a character that cannot be represented in the current code page (936). Save the file in Unicode format to prevent data loss (compiling source file PointCloudLab.cpp)
D:\EnvSetting\PCL 1.8.1\include\pcl-1.8\pcl/point_traits.h : warning C4819: The file contains a character that cannot be represented in the current code page (936). Save the file in Unicode format to prevent data loss (compiling source file main.cpp)
D:\EnvSetting\PCL 1.8.1\include\pcl-1.8\pcl/visualization/interactor_style.h : warning C4819: The file contains a character that cannot be represented in the current code page (936). Save the file in Unicode format to prevent data loss (compiling source file main.cpp)
D:\EnvSetting\PCL 1.8.1\include\pcl-1.8\pcl/visualization/interactor_style.h : warning C4819: The file contains a character that cannot be represented in the current code page (936). Save the file in Unicode format to prevent data loss (compiling source file PointCloudLab.cpp)
D:\EnvSetting\PCL 1.8.1\include\pcl-1.8\pcl/visualization/pcl_visualizer.h(1585): warning C4819: The file contains a character that cannot be represented in the current code page (936). Save the file in Unicode format to prevent data loss (compiling source file PointCloudLab.cpp)
D:\EnvSetting\PCL 1.8.1\include\pcl-1.8\pcl/visualization/pcl_visualizer.h(1585): warning C4819: The file contains a character that cannot be represented in the current code page (936). Save the file in Unicode format to prevent data loss (compiling source file main.cpp)
D:\EnvSetting\PCL 1.8.1\include\pcl-1.8\pcl/sample_consensus/ransac.h : warning C4819: The file contains a character that cannot be represented in the current code page (936). Save the file in Unicode format to prevent data loss (compiling source file PointCloudLab.cpp)
D:\EnvSetting\PCL 1.8.1\include\pcl-1.8\pcl/sample_consensus/sac_model_registration.h : warning C4819: The file contains a character that cannot be represented in the current code page (936). Save the file in Unicode format to prevent data loss (compiling source file PointCloudLab.cpp)
D:\EnvSetting\PCL 1.8.1\include\pcl-1.8\pcl/sample_consensus/sac_model_registration.h : warning C4819: The file contains a character that cannot be represented in the current code page (936). Save the file in Unicode format to prevent data loss (compiling source file PointCloudLab.cpp)
d:\onedrive@sjtu.edu.cn\algo\pointcloudlibary_xiongzhenhua\pointcloudlab\pointcloudlab\pointcloudlab.cpp(538): warning C4715: 'PointCloudLab::SaveFiles': not all control paths return a value
d:\onedrive@sjtu.edu.cn\algo\pointcloudlibary_xiongzhenhua\pointcloudlab\pointcloudlab\pointcloudlab.cpp(182): warning C4715: 'PointCloudLab::OpenFile': not all control paths return a value
  moc_PointCloudLab.cpp
d:\onedrive@sjtu.edu.cn\algo\pointcloudlibary_xiongzhenhua\pointcloudlab\pointcloudlab\x64\release\moc\../../../PointCloudLab.h : warning C4819: The file contains a character that cannot be represented in the current code page (936). Save the file in Unicode format to prevent data loss
D:\EnvSetting\PCL 1.8.1\include\pcl-1.8\pcl/point_traits.h : warning C4819: The file contains a character that cannot be represented in the current code page (936). Save the file in Unicode format to prevent data loss
D:\EnvSetting\PCL 1.8.1\include\pcl-1.8\pcl/visualization/interactor_style.h : warning C4819: The file contains a character that cannot be represented in the current code page (936). Save the file in Unicode format to prevent data loss
D:\EnvSetting\PCL 1.8.1\include\pcl-1.8\pcl/visualization/pcl_visualizer.h(1585): warning C4819: The file contains a character that cannot be represented in the current code page (936). Save the file in Unicode format to prevent data loss
  PointCloudLab.vcxproj -> D:\OneDrive@sjtu.edu.cn\ALGO\PointCloudLibary_XiongZhenhua\PointCloudLab\x64\Release\PointCloudLab.exe
